<?xml version="1.0" encoding="UTF-8" standalone="no"?>
<fileLog>
<createdFiles>
<entry name="jre\lib\sparc\client\classes.jsa" shared="false" uninstallMode="0"/>
<entry name="bin\reports\reports\testsuite\TestSuiteReport.jrxml" shared="false" uninstallMode="0"/>
<entry name="bin\reports\subreports\common\TestCaseResultsOverviewReport.jrxml" shared="false" uninstallMode="0"/>
<entry name="lib\jmespath-java-1.11.136.jar" shared="false" uninstallMode="0"/>
<entry name="lib\ws-commons-util-1.0.2.jar" shared="false" uninstallMode="0"/>
<entry name="bin\reports\subreports\common\LoadUIGraph.jrxml" shared="false" uninstallMode="0"/>
<entry name="licences\jexcelapi-LICENSE.txt" shared="false" uninstallMode="0"/>
<entry name="jre\lib\security\java.policy" shared="false" uninstallMode="3"/>
<entry name="wsi-test-tools\report-bsp11.xml" shared="false" uninstallMode="0"/>
<entry name="licences\swingx-LICENSE.txt" shared="false" uninstallMode="0"/>
<entry name=".install4j\installation.log" shared="false" uninstallMode="0"/>
<entry name="bin\reports\logos\header_logo.png" shared="false" uninstallMode="0"/>
<entry name="lib\jide-common-3.6.6.jar" shared="false" uninstallMode="0"/>
<entry name="jre\lib\fonts\LucidaBrightRegular.ttf" shared="false" uninstallMode="3"/>
<entry name="bin\reports\subreports\common\LoadUIProfileDescription.jrxml" shared="false" uninstallMode="0"/>
<entry name="bin\reports\subreports\common\RequirementsReport-config.xml" shared="false" uninstallMode="0"/>
<entry name="bin\reports\subreports\project\ProjectTestSuiteReport.jrxml" shared="false" uninstallMode="0"/>
<entry name="lib\htmlunit-core-js-2.7.jar" shared="false" uninstallMode="0"/>
<entry name="bin\reports\subreports\common\TestStepSubParametersReport.jrxml" shared="false" uninstallMode="0"/>
<entry name="jre\lib\cmm\sRGB.pf" shared="false" uninstallMode="3"/>
<entry name="bin\reports\subreports\project\ProjectTestSuiteReport-config.xml" shared="false" uninstallMode="0"/>
<entry name="jre\bin\w2k_lsa_auth.dll" shared="false" uninstallMode="3"/>
<entry name="jre\bin\t2k.dll" shared="false" uninstallMode="3"/>
<entry name="bin\reports\subreports\common\LoadUIGraphicalSummary.jrxml" shared="false" uninstallMode="0"/>
<entry name="jre\bin\tnameserv.exe" shared="false" uninstallMode="3"/>
<entry name="bin\reports\subreports\common\LoadUIScenarioDescription.jrxml" shared="false" uninstallMode="0"/>
<entry name="tools\virtserver-cli-1.0.4.jar" shared="false" uninstallMode="0"/>
<entry name="bin\reports\reports\loaduicompareruns\LoadUICompareRunsReport.jrxml" shared="false" uninstallMode="0"/>
<entry name="bin\reports\reports\project\ProjectReport.jrxml" shared="false" uninstallMode="0"/>
<entry name="lib\miglayout-core-5.0.jar" shared="false" uninstallMode="0"/>
<entry name="lib\commons-lang3-3.3.2.jar" shared="false" uninstallMode="0"/>
<entry name=".install4j\pref_jre.cfg" shared="false" uninstallMode="0"/>
<entry name="jre\lib\security\local_policy.jar" shared="false" uninstallMode="3"/>
<entry name="bin\reports\reports\testsuite\TestSuiteReport-config.xml" shared="false" uninstallMode="0"/>
<entry name="wsi-test-tools\analyzerV10.sh" shared="false" uninstallMode="0"/>
<entry name=".install4j\i4j_extf_8_4cr4b7_cwz6mn.png" shared="false" uninstallMode="2"/>
<entry name="licences\xlsx-streamer-LICENSE.txt" shared="false" uninstallMode="0"/>
<entry name="jre\lib\fonts\LucidaSansDemiBold.ttf" shared="false" uninstallMode="3"/>
<entry name="lib\json-schema-core-1.2.5.jar" shared="false" uninstallMode="0"/>
<entry name="lib\dom4j-1.6.1.jar" shared="false" uninstallMode="0"/>
<entry name="wsi-test-tools\monitor-config-bsp11.xml" shared="false" uninstallMode="0"/>
<entry name="lib\httpclient-4.5.2.jar" shared="false" uninstallMode="0"/>
<entry name="jre\lib\tzdb.dat" shared="false" uninstallMode="3"/>
<entry name="bin\listeners\demo-listeners.xml" shared="false" uninstallMode="0"/>
<entry name="jre\bin\javafx_font_t2k.dll" shared="false" uninstallMode="3"/>
<entry name="lib\stax-api-1.0-2.jar" shared="false" uninstallMode="0"/>
<entry name="lib\liquibase-core-3.5.3.jar" shared="false" uninstallMode="0"/>
<entry name="bin\reports\subreports\common\LoadUIProfileDescription-config.xml" shared="false" uninstallMode="0"/>
<entry name="lib\jersey-container-servlet-core-2.1.jar" shared="false" uninstallMode="0"/>
<entry name="jre\lib\deploy\messages_zh_HK.properties" shared="false" uninstallMode="3"/>
<entry name="uninstall.exe" shared="false" uninstallMode="0"/>
<entry name=".install4j\uninstallPrevious.log" shared="false" uninstallMode="2"/>
<entry name="bin\reports\subreports\security\SecurityTestStepScanListReport.jrxml" shared="false" uninstallMode="0"/>
<entry name="jre\bin\resource.dll" shared="false" uninstallMode="3"/>
<entry name="tutorials\Sample-REST-project.xml" shared="false" uninstallMode="0"/>
<entry name="tempHermes\hermesInstallMAC.sh" shared="false" uninstallMode="0"/>
<entry name=".install4j\autoUninstall.1" shared="false" uninstallMode="0"/>
<entry name="lib\jms-1.1.jar" shared="false" uninstallMode="0"/>
<entry name="lib\out-app-analytics-provider-2.3.8.jar" shared="false" uninstallMode="0"/>
<entry name="jre\README.txt" shared="false" uninstallMode="3"/>
<entry name="lib\raml-parser-0.8.14.jar" shared="false" uninstallMode="0"/>
<entry name="jre\lib\images\cursors\win32_LinkDrop32x32.gif" shared="false" uninstallMode="3"/>
<entry name="bin\reports\reports\testcase\TestCaseReport.jrxml" shared="false" uninstallMode="0"/>
<entry name="bin\reports\reports\loaduitest\LoadUITestReport.jrxml" shared="false" uninstallMode="0"/>
<entry name="lib\juniversalchardet-1.0.3.jar" shared="false" uninstallMode="0"/>
<entry name="lib\json-schema-validator-2.2.6.jar" shared="false" uninstallMode="0"/>
<entry name="jre\lib\jsse.jar" shared="false" uninstallMode="3"/>
<entry name="bin\jacob-1.14.3-x64.dll" shared="false" uninstallMode="0"/>
<entry name="jre\bin\server\jvm.dll" shared="false" uninstallMode="3"/>
<entry name="jre\lib\jfr\profile.jfc" shared="false" uninstallMode="3"/>
<entry name="licences\proxy-vole-LICENSE.txt" shared="false" uninstallMode="0"/>
<entry name="lib\jersey-entity-filtering-2.24.jar" shared="false" uninstallMode="0"/>
<entry name="bin\reports\subreports\common\ProjectCoverageChart-config.xml" shared="false" uninstallMode="0"/>
<entry name="bin\installationcomplete.bat" shared="false" uninstallMode="0"/>
<entry name="lib\jcifs-1.2.9.jar" shared="false" uninstallMode="0"/>
<entry name="bin\uninstallactiontrack.bat" shared="false" uninstallMode="0"/>
<entry name="lib\osgi-resource-locator-1.0.1.jar" shared="false" uninstallMode="0"/>
<entry name="bin\reports\subreports\security\SecurityTestStepReport.jrxml" shared="false" uninstallMode="0"/>
<entry name="jre\bin\prism_sw.dll" shared="false" uninstallMode="3"/>
<entry name="bin\reports\subreports\project\ProjectTestSuiteResultsReport-config.xml" shared="false" uninstallMode="0"/>
<entry name="licences\RSyntaxTextArea-LICENSE.txt" shared="false" uninstallMode="0"/>
<entry name="jre\bin\keytool.exe" shared="false" uninstallMode="3"/>
<entry name="lib\jug-protection.jar" shared="false" uninstallMode="0"/>
<entry name="bin\reports\reports\security\SecurityTestReport.jrxml" shared="false" uninstallMode="0"/>
<entry name="tutorials\APIs\Flickr-project.xml" shared="false" uninstallMode="0"/>
<entry name="lib\commons-codec-1.6.jar" shared="false" uninstallMode="0"/>
<entry name="lib\commons-discovery-0.2.jar" shared="false" uninstallMode="0"/>
<entry name="lib\spring-jdbc-4.1.6.RELEASE.jar" shared="false" uninstallMode="0"/>
<entry name="jre\lib\security\java.security" shared="false" uninstallMode="3"/>
<entry name="bin\reports\subreports\common\TestStepResultsReport-config.xml" shared="false" uninstallMode="0"/>
<entry name="jre\bin\javacpl.exe" shared="false" uninstallMode="3"/>
<entry name="licences\postgresql-jdbc-LICENSE.txt" shared="false" uninstallMode="0"/>
<entry name="jre\lib\ext\sunmscapi.jar" shared="false" uninstallMode="3"/>
<entry name="jre\lib\fonts\LucidaTypewriterRegular.ttf" shared="false" uninstallMode="3"/>
<entry name="lib\jetty-util-6.1.26.jar" shared="false" uninstallMode="0"/>
<entry name="lib\libphonenumber-6.2.jar" shared="false" uninstallMode="0"/>
<entry name="lib\sac-1.3.jar" shared="false" uninstallMode="0"/>
<entry name="jre\lib\deploy\messages_it.properties" shared="false" uninstallMode="3"/>
<entry name="licences\xmlbeans-LICENSE.txt" shared="false" uninstallMode="0"/>
<entry name="lib\flex-messaging-proxy-1.0.jar" shared="false" uninstallMode="0"/>
<entry name="lib\governator-api-1.15.9.jar" shared="false" uninstallMode="0"/>
<entry name="jre\lib\management\jmxremote.password.template" shared="false" uninstallMode="3"/>
<entry name="hermesJMS\lib\hermes.jar" shared="false" uninstallMode="0"/>
<entry name="jre\bin\jabswitch.exe" shared="false" uninstallMode="3"/>
<entry name="lib\loadui-controller-base-2.2.0.jar" shared="false" uninstallMode="0"/>
<entry name="tempHermes\hermesInstall64bit.bat" shared="false" uninstallMode="0"/>
<entry name="jre\bin\zip.dll" shared="false" uninstallMode="3"/>
<entry name="wsi-test-tools\profiles\BasicSecurityProfile-1.1-TAD.xml" shared="false" uninstallMode="0"/>
<entry name=".install4j\i4j_extf_1_4cr4b7_1lsfahk.png" shared="false" uninstallMode="2"/>
<entry name="bin\reports\subreports\loaduitest\LoadUIScenariosResultsReport-config.xml" shared="false" uninstallMode="0"/>
<entry name="lib\flying-saucer-pdf-9.0.7.jar" shared="false" uninstallMode="0"/>
<entry name="lib\jasperreports-6.4.0.jar" shared="false" uninstallMode="0"/>
<entry name="lib\ready-api-starterpage-2.2.0.jar" shared="false" uninstallMode="0"/>
<entry name="jre\bin\jsound.dll" shared="false" uninstallMode="3"/>
<entry name="lib\loadui-reporting-2.2.0.jar" shared="false" uninstallMode="0"/>
<entry name="tutorials\APIs\Facebook-project.xml" shared="false" uninstallMode="0"/>
<entry name="lib\jersey-client-2.24.jar" shared="false" uninstallMode="0"/>
<entry name="jre\lib\i386\client\classes.jsa" shared="false" uninstallMode="0"/>
<entry name="licences\xmlsec-LICENSE.txt" shared="false" uninstallMode="0"/>
<entry name="C:\Users\drapolu\.soapui\plugins\ready-jira-plugin-1.1-dist.jar" shared="false" uninstallMode="1"/>
<entry name="licences\japura-LICENSE.txt" shared="false" uninstallMode="0"/>
<entry name="lib\activation-1.1.jar" shared="false" uninstallMode="0"/>
<entry name="licences\json-lib-LICENSE.txt" shared="false" uninstallMode="0"/>
<entry name="jre\bin\prism_d3d.dll" shared="false" uninstallMode="3"/>
<entry name="jre\bin\javacpl.cpl" shared="false" uninstallMode="3"/>
<entry name="tutorials\security\Security-Fuzzing-Scan.xml" shared="false" uninstallMode="0"/>
<entry name="bin\scripts\readme.txt" shared="false" uninstallMode="0"/>
<entry name="jre\lib\net.properties" shared="false" uninstallMode="3"/>
<entry name="lib\flying-saucer-core-9.0.7.jar" shared="false" uninstallMode="0"/>
<entry name="licences\commons-httpclient-LICENSE.txt" shared="false" uninstallMode="0"/>
<entry name="jre\lib\ext\localedata.jar" shared="false" uninstallMode="3"/>
<entry name="lib\xml-apis-2.9.1.jar" shared="false" uninstallMode="0"/>
<entry name=".install4j\i4j_extf_3_4cr4b7_1jsmgym.png" shared="false" uninstallMode="2"/>
<entry name="jre\bin\jfxmedia.dll" shared="false" uninstallMode="3"/>
<entry name="lib\mailapi-1.4.3.jar" shared="false" uninstallMode="0"/>
<entry name="lib\log4j-1.2.17.jar" shared="false" uninstallMode="0"/>
<entry name="lib\javax.ws.rs-api-2.0.1.jar" shared="false" uninstallMode="0"/>
<entry name="licences\xerces-LICENSE.txt" shared="false" uninstallMode="0"/>
<entry name="jre\lib\ext\sunec.jar" shared="false" uninstallMode="3"/>
<entry name=".install4j\i4jinst.dll" shared="false" uninstallMode="0"/>
<entry name="tutorials\load\Variable-Load-Scripted-project.xml" shared="false" uninstallMode="0"/>
<entry name="bin\reports\subreports\loaduicompareruns\LoadUICompareTestRunsReport-config.xml" shared="false" uninstallMode="0"/>
<entry name="jre\lib\classlist" shared="false" uninstallMode="3"/>
<entry name="lib\hk2-locator-2.5.0-b05.jar" shared="false" uninstallMode="0"/>
<entry name="lib\jersey-media-multipart-2.1.jar" shared="false" uninstallMode="0"/>
<entry name="tutorials\WSDL-WADL\WSDL-service.wsdl" shared="false" uninstallMode="0"/>
<entry name="lib\loadui-pro-base-2.2.0.jar" shared="false" uninstallMode="0"/>
<entry name="licences\commons-lang-LICENSE.txt" shared="false" uninstallMode="0"/>
<entry name="licences\piccolo-LICENSE.txt" shared="false" uninstallMode="0"/>
<entry name="jre\lib\jfxswt.jar" shared="false" uninstallMode="3"/>
<entry name=".install4j\i4j_extf_9_4cr4b7_1sxzjn7.png" shared="false" uninstallMode="2"/>
<entry name="lib\guava-20.0.jar" shared="false" uninstallMode="0"/>
<entry name=".install4j\response.varfile" shared="false" uninstallMode="0"/>
<entry name="wsi-test-tools\lib\monitor.jar" shared="false" uninstallMode="0"/>
<entry name="bin\listeners\readme.txt" shared="false" uninstallMode="0"/>
<entry name="lib\spring-tx-4.1.6.RELEASE.jar" shared="false" uninstallMode="0"/>
<entry name="jre\lib\ext\access-bridge-64.jar" shared="false" uninstallMode="3"/>
<entry name="C:\Users\drapolu\.soapui\plugins\ready-mqtt-plugin-dist.jar" shared="false" uninstallMode="1"/>
<entry name="lib\jetty-6.1.26.jar" shared="false" uninstallMode="0"/>
<entry name="bin\starter-page-pro.html" shared="false" uninstallMode="0"/>
<entry name="lib\json-schema-validator-2.2.8.jar" shared="false" uninstallMode="0"/>
<entry name="lib\japura-1.18.3.jar" shared="false" uninstallMode="0"/>
<entry name="lib\rhino-1.7R4.jar" shared="false" uninstallMode="0"/>
<entry name="lib\hermes-1.14.jar" shared="false" uninstallMode="0"/>
<entry name="jre\COPYRIGHT" shared="false" uninstallMode="3"/>
<entry name="bin\scripts\soapui\demo\DemoAction.groovy" shared="false" uninstallMode="0"/>
<entry name="jre\lib\images\cursors\win32_MoveNoDrop32x32.gif" shared="false" uninstallMode="3"/>
<entry name="lib\lucene-core-4.5.1.jar" shared="false" uninstallMode="0"/>
<entry name=".install4j\install.prop" shared="false" uninstallMode="0"/>
<entry name="jre\bin\java.dll" shared="false" uninstallMode="3"/>
<entry name="lib\jackson-datatype-jsr310-2.8.5.jar" shared="false" uninstallMode="0"/>
<entry name="wsi-test-tools\log-bsp11.xml" shared="false" uninstallMode="0"/>
<entry name="lib\httpmime-4.5.1.jar" shared="false" uninstallMode="0"/>
<entry name="licences\commons-csv-LICENSE.txt" shared="false" uninstallMode="0"/>
<entry name="jre\bin\policytool.exe" shared="false" uninstallMode="3"/>
<entry name="lib\ready-api-module-base-2.2.0.jar" shared="false" uninstallMode="0"/>
<entry name="lib\idw-1.6.1.jar" shared="false" uninstallMode="0"/>
<entry name="tutorials\APIs\YouTube-project.xml" shared="false" uninstallMode="0"/>
<entry name="lib\swagger-models-2.0.0-rc2.jar" shared="false" uninstallMode="0"/>
<entry name="jre\bin\awt.dll" shared="false" uninstallMode="3"/>
<entry name="lib\nekohtml-1.9.14.jar" shared="false" uninstallMode="0"/>
<entry name="bin\reports\logos\loadui-logo-icon-32.png" shared="false" uninstallMode="0"/>
<entry name="lib\aopalliance-1.0.jar" shared="false" uninstallMode="0"/>
<entry name="jre\lib\amd64\jvm.cfg" shared="false" uninstallMode="3"/>
<entry name="jre\lib\management\management.properties" shared="false" uninstallMode="3"/>
<entry name="lib\org.apache.oltu.oauth2.common-0.31.jar" shared="false" uninstallMode="0"/>
<entry name="tempHermes\xercesImpl.jar" shared="false" uninstallMode="0"/>
<entry name="jre\bin\javafx_iio.dll" shared="false" uninstallMode="3"/>
<entry name="lib\btf-1.2.jar" shared="false" uninstallMode="0"/>
<entry name="lib\jackson-core-asl-1.9.13.jar" shared="false" uninstallMode="0"/>
<entry name="lib\xmlpublic-2.4.0.jar" shared="false" uninstallMode="0"/>
<entry name="lib\cal10n-api-0.8.1.jar" shared="false" uninstallMode="0"/>
<entry name="lib\hk2-utils-2.5.0-b05.jar" shared="false" uninstallMode="0"/>
<entry name="hermesJMS\lib\xercesImpl.jar" shared="false" uninstallMode="0"/>
<entry name="lib\ecj-4.3.1.jar" shared="false" uninstallMode="0"/>
<entry name="jre\bin\jfxwebkit.dll" shared="false" uninstallMode="3"/>
<entry name="jre\lib\calendars.properties" shared="false" uninstallMode="3"/>
<entry name="lib\slf4j-log4j12-1.7.21.jar" shared="false" uninstallMode="0"/>
<entry name="bin\attach.dll" shared="false" uninstallMode="0"/>
<entry name="jre\bin\gstreamer-lite.dll" shared="false" uninstallMode="3"/>
<entry name="licences\xalan-LICENSE.txt" shared="false" uninstallMode="0"/>
<entry name="lib\org.apache.oltu.oauth2.httpclient4-0.31.jar" shared="false" uninstallMode="0"/>
<entry name="lib\jackson-module-jsonSchema-2.4.4.jar" shared="false" uninstallMode="0"/>
<entry name="jre\lib\deploy\messages_de.properties" shared="false" uninstallMode="3"/>
<entry name=".install4j\i4j_extf_2_4cr4b7_1rfktr1.png" shared="false" uninstallMode="2"/>
<entry name="jre\bin\net.dll" shared="false" uninstallMode="3"/>
<entry name="lib\liquibase-slf4j-2.0.0.jar" shared="false" uninstallMode="0"/>
<entry name="bin\reports\subreports\loaduitest\LoadUIStatisticHistoryReport-config.xml" shared="false" uninstallMode="0"/>
<entry name="bin\reports\subreports\security\SecurityScanReport-config.xml" shared="false" uninstallMode="0"/>
<entry name="jre\lib\security\US_export_policy.jar" shared="false" uninstallMode="3"/>
<entry name="bin\reports\reports\loaduiteststatistics\LoadUITestStatisticsReport-config.xml" shared="false" uninstallMode="0"/>
<entry name="lib\not-yet-commons-ssl-0.3.17.jar" shared="false" uninstallMode="0"/>
<entry name="licences\jcalendar-LICENSE.txt" shared="false" uninstallMode="0"/>
<entry name="lib\governator-core-1.15.9.jar" shared="false" uninstallMode="0"/>
<entry name="lib\org.apache.oltu.commons.encodedtoken-1.0.0.jar" shared="false" uninstallMode="0"/>
<entry name="jre\lib\deploy\messages.properties" shared="false" uninstallMode="3"/>
<entry name="licences\looks-LICENSE.txt" shared="false" uninstallMode="0"/>
<entry name="lib\axis-ant-protection.jar" shared="false" uninstallMode="0"/>
<entry name="lib\jettison-1.2.jar" shared="false" uninstallMode="0"/>
<entry name="lib\jackson-jaxrs-base-2.8.5.jar" shared="false" uninstallMode="0"/>
<entry name="lib\activeQueryBuilder-activeQueryBuilder.jar" shared="false" uninstallMode="0"/>
<entry name="bin\reports\subreports\common\TestStepSubParametersReport-config.xml" shared="false" uninstallMode="0"/>
<entry name="wsi-test-tools\analyzerV10.bat" shared="false" uninstallMode="0"/>
<entry name="jre\lib\images\cursors\win32_CopyDrop32x32.gif" shared="false" uninstallMode="3"/>
<entry name="lib\loadui-store-h2-2.2.0.jar" shared="false" uninstallMode="0"/>
<entry name="lib\binding-2.0.1.jar" shared="false" uninstallMode="0"/>
<entry name="lib\org.apache.oltu.commons.json-1.0.0.jar" shared="false" uninstallMode="0"/>
<entry name="jre\bin\server\Xusage.txt" shared="false" uninstallMode="3"/>
<entry name="wsi-test-tools\bpLog.xml" shared="false" uninstallMode="0"/>
<entry name="jre\bin\jp2native.dll" shared="false" uninstallMode="3"/>
<entry name="bin\reports\subreports\testcase\TestCaseCoverageChart.jrxml" shared="false" uninstallMode="0"/>
<entry name="jre\bin\prism_common.dll" shared="false" uninstallMode="3"/>
<entry name="lib\ready-api-license-2.2.0.jar" shared="false" uninstallMode="0"/>
<entry name="lib\javax.json-1.0-b06.jar" shared="false" uninstallMode="0"/>
<entry name="jre\lib\deploy\messages_zh_TW.properties" shared="false" uninstallMode="3"/>
<entry name="lib\ready-api-soapui-2.2.0.jar" shared="false" uninstallMode="0"/>
<entry name="licences\saxon-LICENSE.txt" shared="false" uninstallMode="0"/>
<entry name="jre\bin\msvcr100.dll" shared="false" uninstallMode="3"/>
<entry name="bin\scripts\soapui\demo\Greet.groovy" shared="false" uninstallMode="0"/>
<entry name="licences\xom-LICENSE.txt" shared="false" uninstallMode="0"/>
<entry name="bin\reports\subreports\common\TestCaseResultsReport.jrxml" shared="false" uninstallMode="0"/>
<entry name="lib\mbassador-1.1.10.jar" shared="false" uninstallMode="0"/>
<entry name="lib\swagger-core-2.0.0-rc2.jar" shared="false" uninstallMode="0"/>
<entry name="wsi-test-tools\xsl\report.xsl" shared="false" uninstallMode="0"/>
<entry name="bin\reports\subreports\common\TestCaseCoverageChart.jrxml" shared="false" uninstallMode="0"/>
<entry name="lib\org.apache.oltu.oauth2.client-0.31.jar" shared="false" uninstallMode="0"/>
<entry name="wsi-test-tools\analyzer-config-sample.xml" shared="false" uninstallMode="0"/>
<entry name="jre\lib\currency.data" shared="false" uninstallMode="3"/>
<entry name="tutorials\ServiceV\Data-Driven-Virt-project.xml" shared="false" uninstallMode="0"/>
<entry name="lib\jackson-jaxrs-json-provider-2.5.4.jar" shared="false" uninstallMode="0"/>
<entry name="lib\saxon-9.1.0.8j.jar" shared="false" uninstallMode="0"/>
<entry name="bin\reports\subreports\project\ProjectTestSuiteResultsOverviewReport.jrxml" shared="false" uninstallMode="0"/>
<entry name="jre\bin\jsdt.dll" shared="false" uninstallMode="3"/>
<entry name="bin\reports\subreports\loaduiteststatistics\LoadUIStatisticTable4Report-config.xml" shared="false" uninstallMode="0"/>
<entry name="bin\reports\subreports\loaduiteststatistics\LoadUIStatisticTable4Report.jrxml" shared="false" uninstallMode="0"/>
<entry name="jre\bin\jaas_nt.dll" shared="false" uninstallMode="3"/>
<entry name="bin\reports\subreports\common\ChartsReport.jrxml" shared="false" uninstallMode="0"/>
<entry name="bin\reports\subreports\common\MetricsReport.jrxml" shared="false" uninstallMode="0"/>
<entry name="lib\ready-api-runners-2.2.0.jar" shared="false" uninstallMode="0"/>
<entry name="jre\bin\kcms.dll" shared="false" uninstallMode="3"/>
<entry name="jre\bin\decora_sse.dll" shared="false" uninstallMode="3"/>
<entry name="licences\mydoggy-LICENSE.txt" shared="false" uninstallMode="0"/>
<entry name="jre\bin\jp2launcher.exe" shared="false" uninstallMode="3"/>
<entry name="jre\bin\jjs.exe" shared="false" uninstallMode="3"/>
<entry name="jre\lib\rt.jar" shared="false" uninstallMode="3"/>
<entry name="wsi-test-tools\analyzerV11.bat" shared="false" uninstallMode="0"/>
<entry name="jre\lib\ext\zipfs.jar" shared="false" uninstallMode="3"/>
<entry name="lib\httpclient-cache-4.5.1.jar" shared="false" uninstallMode="0"/>
<entry name="lib\looks-2.2.0.jar" shared="false" uninstallMode="0"/>
<entry name="lib\ready-api-projects-2.2.0.jar" shared="false" uninstallMode="0"/>
<entry name="licences\jbcrypt-LICENSE.txt" shared="false" uninstallMode="0"/>
<entry name="bin\reports\logos\logo.png" shared="false" uninstallMode="0"/>
<entry name="jre\bin\server\classes.jsa" shared="false" uninstallMode="0"/>
<entry name="jre\bin\dt_socket.dll" shared="false" uninstallMode="3"/>
<entry name="jre\lib\tzmappings" shared="false" uninstallMode="3"/>
<entry name="lib\jopt-simple-4.6.jar" shared="false" uninstallMode="0"/>
<entry name="tutorials\Sample-Security-project.xml" shared="false" uninstallMode="0"/>
<entry name="lib\swagger-annotations-2.0.0-rc2.jar" shared="false" uninstallMode="0"/>
<entry name="jre\lib\ext\sunjce_provider.jar" shared="false" uninstallMode="3"/>
<entry name="lib\stax-api-1.0.1.jar" shared="false" uninstallMode="0"/>
<entry name=".install4j\i4j_extf_0_4cr4b7.utf8" shared="false" uninstallMode="2"/>
<entry name="jre\lib\deploy\ffjcext.zip" shared="false" uninstallMode="3"/>
<entry name="lib\gson-2.3.1.jar" shared="false" uninstallMode="0"/>
<entry name="bin\reports\subreports\common\ModelItemListReport-config.xml" shared="false" uninstallMode="0"/>
<entry name="jre\lib\i386\server\classes.jsa" shared="false" uninstallMode="0"/>
<entry name="lib\json-schema-core-1.2.8.jar" shared="false" uninstallMode="0"/>
<entry name="tutorials\APIs\Twitter-project.xml" shared="false" uninstallMode="0"/>
<entry name="lib\lucene-analyzers-common-4.5.1.jar" shared="false" uninstallMode="0"/>
<entry name="lib\Protection-4.6.jar" shared="false" uninstallMode="0"/>
<entry name="bin\reports\reports\security\SecurityTestReport-config.xml" shared="false" uninstallMode="0"/>
<entry name="jre\bin\JavaAccessBridge-64.dll" shared="false" uninstallMode="3"/>
<entry name="jre\lib\deploy\splash_11@2x-lic.gif" shared="false" uninstallMode="3"/>
<entry name="lib\xlsx-streamer-0.2.10-fixed.jar" shared="false" uninstallMode="0"/>
<entry name="lib\commons-math-1.2.jar" shared="false" uninstallMode="0"/>
<entry name="jre\lib\resources.jar" shared="false" uninstallMode="3"/>
<entry name="lib\jackson-databind-2.8.5.jar" shared="false" uninstallMode="0"/>
<entry name="lib\loadui-pro-agent-base-2.2.0.jar" shared="false" uninstallMode="0"/>
<entry name="jre\bin\npt.dll" shared="false" uninstallMode="3"/>
<entry name="lib\mina-core-2.0.9.jar" shared="false" uninstallMode="0"/>
<entry name="licences\junit-LICENSE.txt" shared="false" uninstallMode="0"/>
<entry name="bin\reports\subreports\loaduiteststatistics\LoadUIStatisticTable7Report.jrxml" shared="false" uninstallMode="0"/>
<entry name="lib\swagger-parser-2.0.0-rc1.jar" shared="false" uninstallMode="0"/>
<entry name="licences\xstream-LICENSE.txt" shared="false" uninstallMode="0"/>
<entry name="lib\forms-1.0.7.jar" shared="false" uninstallMode="0"/>
<entry name="lib\validation-api-1.0.0.GA.jar" shared="false" uninstallMode="0"/>
<entry name="bin\scripts\soapui\utils\LogUtils.groovy" shared="false" uninstallMode="0"/>
<entry name="lib\spring-beans-4.1.6.RELEASE.jar" shared="false" uninstallMode="0"/>
<entry name="bin\reports\subreports\common\LoadUIScenarioDescription-config.xml" shared="false" uninstallMode="0"/>
<entry name="lib\loadui-cmd-base-2.2.0.jar" shared="false" uninstallMode="0"/>
<entry name="bin\reports\subreports\loaduitest\LoadUIScenariosSummaryReport.jrxml" shared="false" uninstallMode="0"/>
<entry name="lib\ready-api-core-2.2.0.jar" shared="false" uninstallMode="0"/>
<entry name="bin\reports\subreports\security\SecurityTestStepScanListReport-config.xml" shared="false" uninstallMode="0"/>
<entry name="lib\swagger-parser-v2-2.0.0-rc1.jar" shared="false" uninstallMode="0"/>
<entry name="lib\ivy-2.3.0.jar" shared="false" uninstallMode="0"/>
<entry name=".install4j\i4j_extf_5_4cr4b7.TXT" shared="false" uninstallMode="2"/>
<entry name="lib\guice-multibindings-4.1.0.jar" shared="false" uninstallMode="0"/>
<entry name="bin\reports\subreports\common\ModelItemListreport.jrxml" shared="false" uninstallMode="0"/>
<entry name="lib\commons-beanutils-1.8.3.jar" shared="false" uninstallMode="0"/>
<entry name="jre\bin\glass.dll" shared="false" uninstallMode="3"/>
<entry name="lib\jdom-1.0.jar" shared="false" uninstallMode="0"/>
<entry name="lib\spring-context-4.1.6.RELEASE.jar" shared="false" uninstallMode="0"/>
<entry name="jre\bin\j2pkcs11.dll" shared="false" uninstallMode="3"/>
<entry name="lib\guice-grapher-4.1.0.jar" shared="false" uninstallMode="0"/>
<entry name="lib\jackson-core-2.8.5.jar" shared="false" uninstallMode="0"/>
<entry name="licences\jfreechart-LICENSE.txt" shared="false" uninstallMode="0"/>
<entry name="jre\bin\jsoundds.dll" shared="false" uninstallMode="3"/>
<entry name="C:\ProgramData\Microsoft\Windows\Start Menu\Programs\SmartBear\ReadyAPI 2.2.0\ReadyAPI 2.2.0 Uninstaller.lnk" shared="false" uninstallMode="2"/>
<entry name="bin\reports\styles.jrtx" shared="false" uninstallMode="0"/>
<entry name="lib\serializer-2.7.2.jar" shared="false" uninstallMode="0"/>
<entry name="lib\snmp4j-agent-1.3.1.jar" shared="false" uninstallMode="0"/>
<entry name="jre\bin\management.dll" shared="false" uninstallMode="3"/>
<entry name="lib\com.springsource.javax.servlet-2.5.0.jar" shared="false" uninstallMode="0"/>
<entry name="bin\reports\subreports\common\ProjectCoverageChart.jrxml" shared="false" uninstallMode="0"/>
<entry name="lib\json-path-2.0.0.jar" shared="false" uninstallMode="0"/>
<entry name="licences\ezmorph-LICENSE.txt" shared="false" uninstallMode="0"/>
<entry name="jre\bin\orbd.exe" shared="false" uninstallMode="3"/>
<entry name="lib\castor-xml-1.3.3.jar" shared="false" uninstallMode="0"/>
<entry name="licences\javamail-LICENSE.txt" shared="false" uninstallMode="0"/>
<entry name="bin\reports\subreports\security\SecurityTestStepOverviewReport-config.xml" shared="false" uninstallMode="0"/>
<entry name="lib\ezmorph-1.0.5.jar" shared="false" uninstallMode="0"/>
<entry name="lib\xalan-2.7.2.jar" shared="false" uninstallMode="0"/>
<entry name="lib\wsdl4j-1.6.2-fixed.jar" shared="false" uninstallMode="0"/>
<entry name="tempHermes\hermes.jar" shared="false" uninstallMode="0"/>
<entry name="licences\bcprov-LICENSE.txt" shared="false" uninstallMode="0"/>
<entry name="lib\xmltooling-1.3.2-1.jar" shared="false" uninstallMode="0"/>
<entry name="jre\lib\fontconfig.properties.src" shared="false" uninstallMode="3"/>
<entry name="lib\commons-net-2.0.jar" shared="false" uninstallMode="0"/>
<entry name="bin\testrunner.bat" shared="false" uninstallMode="0"/>
<entry name="lib\ion-java-1.0.2.jar" shared="false" uninstallMode="0"/>
<entry name="licences\rhino-LICENSE.txt" shared="false" uninstallMode="0"/>
<entry name="bin\reports\subreports\loaduitest\LoadUITestCasesTestStepsReport.jrxml" shared="false" uninstallMode="0"/>
<entry name="licences\l2fprod-LICENSE.txt" shared="false" uninstallMode="0"/>
<entry name="jre\bin\ssv.dll" shared="false" uninstallMode="3"/>
<entry name="lib\spring-expression-4.1.6.RELEASE.jar" shared="false" uninstallMode="0"/>
<entry name="licences\commons-logging-LICENSE.txt" shared="false" uninstallMode="0"/>
<entry name=".install4j\ReadyApiUpdater.exe" shared="false" uninstallMode="0"/>
<entry name="lib\commons-digester-2.1.jar" shared="false" uninstallMode="0"/>
<entry name=".install4j\i4jruntime.jar" shared="false" uninstallMode="2"/>
<entry name="bin\reports\reports\loaduicompareruns\LoadUICompareRunsReport-config.xml" shared="false" uninstallMode="0"/>
<entry name="bin\reports\subreports\security\SecurityTestStepReport-config.xml" shared="false" uninstallMode="0"/>
<entry name="lib\ready-api-db-2.2.0.jar" shared="false" uninstallMode="0"/>
<entry name="tutorials\load\Baseline-load-test-project.xml" shared="false" uninstallMode="0"/>
<entry name="lib\wss4j-1.6.18.jar" shared="false" uninstallMode="0"/>
<entry name="lib\snmp4j-1.10.1.jar" shared="false" uninstallMode="0"/>
<entry name=".install4j\i4j_extf_10_4cr4b7_1qp61c0.png" shared="false" uninstallMode="2"/>
<entry name="lib\loadui-base-2.2.0.jar" shared="false" uninstallMode="0"/>
<entry name="bin\reports\reports\project\ProjectReport-config.xml" shared="false" uninstallMode="0"/>
<entry name="jre\lib\fonts\LucidaBrightDemiBold.ttf" shared="false" uninstallMode="3"/>
<entry name="jre\bin\jpeg.dll" shared="false" uninstallMode="3"/>
<entry name="lib\jackson-dataformat-xml-2.8.7.jar" shared="false" uninstallMode="0"/>
<entry name=".install4j\stats.properties" shared="false" uninstallMode="2"/>
<entry name="lib\vt-dictionary-3.0.jar" shared="false" uninstallMode="0"/>
<entry name="jre\bin\fxplugins.dll" shared="false" uninstallMode="3"/>
<entry name="wsi-test-tools\profiles\BasicSecurityProfile-1.0-TAD.xml" shared="false" uninstallMode="0"/>
<entry name="wsi-test-tools\monitor.bat" shared="false" uninstallMode="0"/>
<entry name="lib\jackson-jaxrs-xml-provider-2.8.7.jar" shared="false" uninstallMode="0"/>
<entry name="lib\spring-aop-4.1.6.RELEASE.jar" shared="false" uninstallMode="0"/>
<entry name="bin\wargenerator.bat" shared="false" uninstallMode="0"/>
<entry name="lib\swingx-soapui.jar" shared="false" uninstallMode="0"/>
<entry name="bin\reports\subreports\common\FailedTestSteps-config.xml" shared="false" uninstallMode="0"/>
<entry name="lib\cajo-1.142.jar" shared="false" uninstallMode="0"/>
<entry name="tutorials\load\Fixed-Rate-Strategy-project.xml" shared="false" uninstallMode="0"/>
<entry name="tutorials\security\Security-XPATH-Injection.xml" shared="false" uninstallMode="0"/>
<entry name="lib\jsr173_api-1.0.jar" shared="false" uninstallMode="0"/>
<entry name="lib\miglayout-swing-5.0.jar" shared="false" uninstallMode="0"/>
<entry name="lib\commons-cli-1.3.1.jar" shared="false" uninstallMode="0"/>
<entry name="jre\lib\images\cursors\win32_LinkNoDrop32x32.gif" shared="false" uninstallMode="3"/>
<entry name="jre\lib\images\cursors\invalid32x32.gif" shared="false" uninstallMode="3"/>
<entry name="lib\google-http-client-1.21.0.jar" shared="false" uninstallMode="0"/>
<entry name="lib\jcalendar-1.3.2.jar" shared="false" uninstallMode="0"/>
<entry name="wsi-test-tools\xsl\publicTAD.xsl" shared="false" uninstallMode="0"/>
<entry name="licences\log4j-LICENSE.txt" shared="false" uninstallMode="0"/>
<entry name="jre\bin\unpack200.exe" shared="false" uninstallMode="3"/>
<entry name="lib\mongo-java-driver-2.12.3.jar" shared="false" uninstallMode="0"/>
<entry name="jre\lib\deploy\messages_ja.properties" shared="false" uninstallMode="3"/>
<entry name="jre\lib\sparc\server\classes.jsa" shared="false" uninstallMode="0"/>
<entry name="tutorials\Sample-Data-driven-project.xml" shared="false" uninstallMode="0"/>
<entry name="licences\jasperreports-LICENSE.txt" shared="false" uninstallMode="0"/>
<entry name="bin\attach-amd64.dll" shared="false" uninstallMode="0"/>
<entry name="bin\reports\subreports\loaduitest\LoadUIScenariosResultsReport.jrxml" shared="false" uninstallMode="0"/>
<entry name="bin\reports\README.txt" shared="false" uninstallMode="0"/>
<entry name="bin\reports\subreports\loaduiteststatistics\LoadUIStatisticsContainerReport.jrxml" shared="false" uninstallMode="0"/>
<entry name="jre\lib\flavormap.properties" shared="false" uninstallMode="3"/>
<entry name="jre\bin\rmid.exe" shared="false" uninstallMode="3"/>
<entry name="licences\groovy-LICENSE.txt" shared="false" uninstallMode="0"/>
<entry name="lib\vt-password-3.1.2.jar" shared="false" uninstallMode="0"/>
<entry name="jre\bin\hprof.dll" shared="false" uninstallMode="3"/>
<entry name="lib\javax.json-api-1.0-b06.jar" shared="false" uninstallMode="0"/>
<entry name="lib\jackson-module-jaxb-annotations-2.5.4.jar" shared="false" uninstallMode="0"/>
<entry name="lib\jsoup-1.6.1.jar" shared="false" uninstallMode="0"/>
<entry name="bin\reports\reports\testcase\TestCaseReport-config.xml" shared="false" uninstallMode="0"/>
<entry name="lib\xbean-bundleutils-3.11.1.jar" shared="false" uninstallMode="0"/>
<entry name="lib\jsr305-2.0.0.jar" shared="false" uninstallMode="0"/>
<entry name="jre\lib\deploy\splash.gif" shared="false" uninstallMode="3"/>
<entry name="lib\loadui-test-utils-2.2.0.jar" shared="false" uninstallMode="0"/>
<entry name="bin\reports\subreports\loaduiteststatistics\LoadUIStatisticTable10Report-config.xml" shared="false" uninstallMode="0"/>
<entry name="wsi-test-tools\xsl\log.xsl" shared="false" uninstallMode="0"/>
<entry name="jre\bin\jp2iexp.dll" shared="false" uninstallMode="3"/>
<entry name="jre\lib\hijrah-config-umalqura.properties" shared="false" uninstallMode="3"/>
<entry name="jre\lib\plugin.jar" shared="false" uninstallMode="3"/>
<entry name="lib\xbean-fixed-2.4.0.jar" shared="false" uninstallMode="0"/>
<entry name="bin\reports\subreports\common\RequirementLinkedTestCasesReport.jrxml" shared="false" uninstallMode="0"/>
<entry name="jre\THIRDPARTYLICENSEREADME-JAVAFX.txt" shared="false" uninstallMode="3"/>
<entry name="licences\activation-LICENSE.txt" shared="false" uninstallMode="0"/>
<entry name="licences\binding-LICENSE.txt" shared="false" uninstallMode="0"/>
<entry name="lib\json-schema-validator-0.1.7.jar" shared="false" uninstallMode="0"/>
<entry name="lib\ready-api-service-v-core-2.2.0.jar" shared="false" uninstallMode="0"/>
<entry name="licences\commons-beanutils-LICENSE.txt" shared="false" uninstallMode="0"/>
<entry name="licences\mitm-proxy-LICENSE.txt" shared="false" uninstallMode="0"/>
<entry name="jre\release" shared="false" uninstallMode="3"/>
<entry name="jre\bin\bci.dll" shared="false" uninstallMode="3"/>
<entry name="wsi-test-tools\lib\org.wsi.test.validator.bsp11.jar" shared="false" uninstallMode="0"/>
<entry name="jre\lib\deploy\messages_ko.properties" shared="false" uninstallMode="3"/>
<entry name="lib\htmlunit-2.7.jar" shared="false" uninstallMode="0"/>
<entry name="bin\reports\subreports\loadui\LoadUIScenarioResultsReport-config.xml" shared="false" uninstallMode="0"/>
<entry name="lib\hibernate-validator-4.1.0.Final.jar" shared="false" uninstallMode="0"/>
<entry name="jre\lib\ext\meta-index" shared="false" uninstallMode="3"/>
<entry name=".install4j\i4j_extf_4_4cr4b7.txt" shared="false" uninstallMode="2"/>
<entry name="lib\jersey-media-json-jackson-2.24.jar" shared="false" uninstallMode="0"/>
<entry name="bin\reports\subreports\common\RequirementsReport.jrxml" shared="false" uninstallMode="0"/>
<entry name="lib\xbean-finder-3.11.1.jar" shared="false" uninstallMode="0"/>
<entry name="lib\mixpanel-java-1.4.4.jar" shared="false" uninstallMode="0"/>
<entry name="jre\lib\images\cursors\win32_CopyNoDrop32x32.gif" shared="false" uninstallMode="3"/>
<entry name="lib\flex-messaging-remoting-1.0.jar" shared="false" uninstallMode="0"/>
<entry name="bin\reports\subreports\common\MetricsReport-config.xml" shared="false" uninstallMode="0"/>
<entry name="lib\controlsfx-8.40.12.jar" shared="false" uninstallMode="0"/>
<entry name="jre\bin\jfr.dll" shared="false" uninstallMode="3"/>
<entry name="bin\reports\subreports\project\ProjectTestSuiteResultsOverviewReport-config.xml" shared="false" uninstallMode="0"/>
<entry name="jre\bin\fontmanager.dll" shared="false" uninstallMode="3"/>
<entry name="bin\reports\subreports\loaduitest\LoadUIHelpReport.jrxml" shared="false" uninstallMode="0"/>
<entry name="licences\commons-collections-LICENSE.txt" shared="false" uninstallMode="0"/>
<entry name="lib\stax2-api-3.1.4.jar" shared="false" uninstallMode="0"/>
<entry name="lib\msg-simple-1.1.jar" shared="false" uninstallMode="0"/>
<entry name="licences\opensaml-LICENSE.txt" shared="false" uninstallMode="0"/>
<entry name="jre\lib\ext\jfxrt.jar" shared="false" uninstallMode="3"/>
<entry name="bin\reports\subreports\testcase\TestCaseCoverageChart-config.xml" shared="false" uninstallMode="0"/>
<entry name="bin\ready-api.bat" shared="false" uninstallMode="0"/>
<entry name="jre\lib\sound.properties" shared="false" uninstallMode="3"/>
<entry name="tutorials\Sample-Virtualization-project.xml" shared="false" uninstallMode="0"/>
<entry name="bin\ext\sqljdbc42.jar" shared="false" uninstallMode="0"/>
<entry name="bin\ready-api-ui-2.2.0.jar" shared="false" uninstallMode="0"/>
<entry name="lib\org.apache.oltu.oauth2.jwt-1.0.1.jar" shared="false" uninstallMode="0"/>
<entry name="jre\bin\java-rmi.exe" shared="false" uninstallMode="3"/>
<entry name="jre\lib\management-agent.jar" shared="false" uninstallMode="3"/>
<entry name="licences\jetty-LICENSE.txt" shared="false" uninstallMode="0"/>
<entry name="wsi-test-tools\analyzerV11.sh" shared="false" uninstallMode="0"/>
<entry name="lib\icu4j-57.1.jar" shared="false" uninstallMode="0"/>
<entry name="lib\swagger4j-1.0.0-SNAPSHOT.jar" shared="false" uninstallMode="0"/>
<entry name="jre\lib\deploy\messages_sv.properties" shared="false" uninstallMode="3"/>
<entry name="jre\lib\logging.properties" shared="false" uninstallMode="3"/>
<entry name="jre\bin\verify.dll" shared="false" uninstallMode="3"/>
<entry name="jre\lib\ext\cldrdata.jar" shared="false" uninstallMode="3"/>
<entry name="jre\lib\images\cursors\win32_MoveDrop32x32.gif" shared="false" uninstallMode="3"/>
<entry name="jre\bin\java.exe" shared="false" uninstallMode="3"/>
<entry name="lib\xmlsec-2.0.8.jar" shared="false" uninstallMode="0"/>
<entry name=".install4j\inst_jre.cfg" shared="false" uninstallMode="0"/>
<entry name="bin\reports\subreports\loaduitest\LoadUIScenarioResultsReport-config.xml" shared="false" uninstallMode="0"/>
<entry name="jre\bin\jp2ssv.dll" shared="false" uninstallMode="3"/>
<entry name="bin\reports\subreports\loaduitest\LoadUIExecutionNotablesReport.jrxml" shared="false" uninstallMode="0"/>
<entry name="jre\lib\fontconfig.bfc" shared="false" uninstallMode="3"/>
<entry name="lib\ready-api-testserver-api-2.2.0.jar" shared="false" uninstallMode="0"/>
<entry name="lib\jersey-common-2.24.jar" shared="false" uninstallMode="0"/>
<entry name="licences\myswing-LICENSE.txt" shared="false" uninstallMode="0"/>
<entry name="jre\lib\meta-index" shared="false" uninstallMode="3"/>
<entry name="lib\reports-1.0.jar" shared="false" uninstallMode="0"/>
<entry name="lib\commons-io-2.4.jar" shared="false" uninstallMode="0"/>
<entry name="lib\commons-logging-1.1.1.jar" shared="false" uninstallMode="0"/>
<entry name="lib\flex-messaging-opt-1.0.jar" shared="false" uninstallMode="0"/>
<entry name="jre\bin\msvcr120.dll" shared="false" uninstallMode="3"/>
<entry name="jre\lib\fonts\LucidaBrightDemiItalic.ttf" shared="false" uninstallMode="3"/>
<entry name="wsi-test-tools\xsl\assertions.xsl" shared="false" uninstallMode="0"/>
<entry name="bin\reports\subreports\loaduitest\LoadUITestStepsHistoryReport-config.xml" shared="false" uninstallMode="0"/>
<entry name="lib\woodstox-core-5.0.3.jar" shared="false" uninstallMode="0"/>
<entry name="bin\actions\demo-actions.xml" shared="false" uninstallMode="0"/>
<entry name="jre\bin\javaw.exe" shared="false" uninstallMode="3"/>
<entry name="lib\bctsp-jdk15-1.46.jar" shared="false" uninstallMode="0"/>
<entry name="lib\ready-api-jdbc-virts-2.2.0.jar" shared="false" uninstallMode="0"/>
<entry name="jre\bin\instrument.dll" shared="false" uninstallMode="3"/>
<entry name="bin\reports\subreports\loaduitest\LoadUITestStepsReport-config.xml" shared="false" uninstallMode="0"/>
<entry name="bin\reports\subreports\security\SecurityTestStepOverviewReport.jrxml" shared="false" uninstallMode="0"/>
<entry name="bin\reports\subreports\common\FailedTestSteps.jrxml" shared="false" uninstallMode="0"/>
<entry name="tutorials\Sample-Authentication-project.xml" shared="false" uninstallMode="0"/>
<entry name="bin\reports\subreports\loaduiteststatistics\LoadUIStatisticsReport-config.xml" shared="false" uninstallMode="0"/>
<entry name="lib\castor-core-1.3.3.jar" shared="false" uninstallMode="0"/>
<entry name="bin\reports\subreports\common\TestStepResultsReport.jrxml" shared="false" uninstallMode="0"/>
<entry name="lib\stax-1.1.2-dev.jar" shared="false" uninstallMode="0"/>
<entry name="jre\bin\kinit.exe" shared="false" uninstallMode="3"/>
<entry name="lib\opensaml-2.5.1-1.jar" shared="false" uninstallMode="0"/>
<entry name="jre\lib\deploy\splash@2x.gif" shared="false" uninstallMode="3"/>
<entry name="lib\annotations-2.0.0.jar" shared="false" uninstallMode="0"/>
<entry name="lib\opencsv-2.3.jar" shared="false" uninstallMode="0"/>
<entry name="bin\reports\subreports\loaduitest\LoadUITestStepsReport.jrxml" shared="false" uninstallMode="0"/>
<entry name="lib\commons-fileupload-1.3.1.jar" shared="false" uninstallMode="0"/>
<entry name=".install4j\i4j_extf_7_4cr4b7_1jsmgym.png" shared="false" uninstallMode="2"/>
<entry name="jre\bin\unpack.dll" shared="false" uninstallMode="3"/>
<entry name="lib\core-3.2.1.jar" shared="false" uninstallMode="0"/>
<entry name="jre\bin\wsdetect.dll" shared="false" uninstallMode="3"/>
<entry name="wsi-test-tools\analyzer-config-bsp11.xml" shared="false" uninstallMode="0"/>
<entry name="jre\bin\dt_shmem.dll" shared="false" uninstallMode="3"/>
<entry name="jre\bin\deploy.dll" shared="false" uninstallMode="3"/>
<entry name="jre\bin\sunmscapi.dll" shared="false" uninstallMode="3"/>
<entry name="lib\jacob-1.14.3.jar" shared="false" uninstallMode="0"/>
<entry name="jre\bin\splashscreen.dll" shared="false" uninstallMode="3"/>
<entry name="hermesJMS\lib\xml-apis.jar" shared="false" uninstallMode="0"/>
<entry name="wsi-test-tools\lib\org.wsi.test.validator.jar" shared="false" uninstallMode="0"/>
<entry name="lib\xom-1.1.jar" shared="false" uninstallMode="0"/>
<entry name="lib\joda-time-2.7.jar" shared="false" uninstallMode="0"/>
<entry name="wsi-test-tools\README_bsp11.txt" shared="false" uninstallMode="0"/>
<entry name="lib\javassist-3.19.0-GA.jar" shared="false" uninstallMode="0"/>
<entry name="bin\reports\subreports\loaduicompareruns\LoadUICompareTestRunsReport.jrxml" shared="false" uninstallMode="0"/>
<entry name="licences\xmlunit-LICENSE.txt" shared="false" uninstallMode="0"/>
<entry name="licences\commons-io-LICENSE.txt" shared="false" uninstallMode="0"/>
<entry name="lib\lucene-queries-4.5.1.jar" shared="false" uninstallMode="0"/>
<entry name="bin\reports\subreports\common\PropertiesReport-config.xml" shared="false" uninstallMode="0"/>
<entry name="bin\ext\postgresql-9.3-1102.jdbc41.jar" shared="false" uninstallMode="0"/>
<entry name="lib\ready-api-soapui-ng-2.2.0.jar" shared="false" uninstallMode="0"/>
<entry name="bin\reports\reports\loaduitest\LoadUITestReport-config.xml" shared="false" uninstallMode="0"/>
<entry name="licences\forms-LICENSE.txt" shared="false" uninstallMode="0"/>
<entry name="lib\axis-protection.jar" shared="false" uninstallMode="0"/>
<entry name="lib\reflections-0.9.9.jar" shared="false" uninstallMode="0"/>
<entry name="wsi-test-tools\xsl\reportBigFont.xsl" shared="false" uninstallMode="0"/>
<entry name="lib\l2fprod-common-fontchooser-7.3.jar" shared="false" uninstallMode="0"/>
<entry name="jre\lib\jvm.hprof.txt" shared="false" uninstallMode="3"/>
<entry name="bin\reports\subreports\common\CoverageReport.jrxml" shared="false" uninstallMode="0"/>
<entry name="jre\bin\servertool.exe" shared="false" uninstallMode="3"/>
<entry name="lib\keen-client-api-java-2.0.2.jar" shared="false" uninstallMode="0"/>
<entry name="licences\wsdl4j-LICENSE.html" shared="false" uninstallMode="0"/>
<entry name="lib\woodstox-core-asl-4.4.1.jar" shared="false" uninstallMode="0"/>
<entry name="jre\lib\images\cursors\cursors.properties" shared="false" uninstallMode="3"/>
<entry name="lib\google-oauth-client-1.21.0.jar" shared="false" uninstallMode="0"/>
<entry name="lib\h2-1.3.176.jar" shared="false" uninstallMode="0"/>
<entry name="bin\actions\readme.txt" shared="false" uninstallMode="0"/>
<entry name="lib\har-java-1.0.0.jar" shared="false" uninstallMode="0"/>
<entry name="lib\json-smart-2.1.1.jar" shared="false" uninstallMode="0"/>
<entry name="jre\lib\deploy\messages_fr.properties" shared="false" uninstallMode="3"/>
<entry name="jre\lib\security\blacklisted.certs" shared="false" uninstallMode="3"/>
<entry name="jre\bin\jawt.dll" shared="false" uninstallMode="3"/>
<entry name="jre\lib\amd64\server\classes.jsa" shared="false" uninstallMode="0"/>
<entry name="jre\lib\deploy\splash_11-lic.gif" shared="false" uninstallMode="3"/>
<entry name="jre\lib\jfr.jar" shared="false" uninstallMode="3"/>
<entry name="C:\Users\drapolu\.soapui\plugins\ready-api-git-plugin-1.1.0.jar" shared="false" uninstallMode="1"/>
<entry name="lib\xmlunit-1.2.jar" shared="false" uninstallMode="0"/>
<entry name="bin\ReadyAPI.vmoptions" shared="false" uninstallMode="0"/>
<entry name="bin\virtrunner.bat" shared="false" uninstallMode="0"/>
<entry name="lib\openws-1.4.2-1.jar" shared="false" uninstallMode="0"/>
<entry name="bin\reports\subreports\loaduitest\LoadUIPropReport.jrxml" shared="false" uninstallMode="0"/>
<entry name="lib\json-lib-2.2.2-jdk15-fixed.jar" shared="false" uninstallMode="0"/>
<entry name="bin\reports\subreports\loaduitest\LoadUIHelpReport-config.xml" shared="false" uninstallMode="0"/>
<entry name="bin\reports\subreports\loadui\LoadUIScenarioResultsReport.jrxml" shared="false" uninstallMode="0"/>
<entry name="lib\bcprov-jdk15-1.46.jar" shared="false" uninstallMode="0"/>
<entry name="wsi-test-tools\monitor-config-sample.xml" shared="false" uninstallMode="0"/>
<entry name="lib\jxl-2.6.12.jar" shared="false" uninstallMode="0"/>
<entry name="lib\itext-2.1.7.jar" shared="false" uninstallMode="0"/>
<entry name="jre\bin\dcpr.dll" shared="false" uninstallMode="3"/>
<entry name="lib\mimepull-1.8.jar" shared="false" uninstallMode="0"/>
<entry name="jre\lib\fonts\LucidaBrightItalic.ttf" shared="false" uninstallMode="3"/>
<entry name="bin\ReadyAPI.exe" shared="false" uninstallMode="0"/>
<entry name="lib\jdtcore-3.2.0.v_658.jar" shared="false" uninstallMode="0"/>
<entry name="C:\ProgramData\Microsoft\Windows\Start Menu\Programs\SmartBear\ReadyAPI 2.2.0\ReadyAPI 2.2.0.lnk" shared="false" uninstallMode="2"/>
<entry name="lib\jtidy-r872-jdk15.jar" shared="false" uninstallMode="0"/>
<entry name="lib\slf4j-api-1.7.21.jar" shared="false" uninstallMode="0"/>
<entry name="licences\sqljdbc-LICENSE.txt" shared="false" uninstallMode="0"/>
<entry name="jre\lib\ext\jaccess.jar" shared="false" uninstallMode="3"/>
<entry name="jre\lib\security\javaws.policy" shared="false" uninstallMode="3"/>
<entry name="bin\reports\subreports\common\LoadUIGraph-config.xml" shared="false" uninstallMode="0"/>
<entry name="jre\lib\cmm\CIEXYZ.pf" shared="false" uninstallMode="3"/>
<entry name="lib\loadui-component-2.2.0.jar" shared="false" uninstallMode="0"/>
<entry name="bin\reports\subreports\loaduiteststatistics\LoadUIStatisticsReport.jrxml" shared="false" uninstallMode="0"/>
<entry name="bin\toolrunner.bat" shared="false" uninstallMode="0"/>
<entry name="bin\reports\subreports\loaduiteststatistics\LoadUIStatisticTable10Report.jrxml" shared="false" uninstallMode="0"/>
<entry name="lib\logback-core-1.0.1.jar" shared="false" uninstallMode="0"/>
<entry name="bin\jacob-1.14.3-x86.dll" shared="false" uninstallMode="0"/>
<entry name="lib\jackson-dataformat-yaml-2.8.5.jar" shared="false" uninstallMode="0"/>
<entry name="licences\commons-codec-LICENSE.txt" shared="false" uninstallMode="0"/>
<entry name="lib\autocomplete-2.5.0.jar" shared="false" uninstallMode="0"/>
<entry name="lib\hk2-api-2.5.0-b05.jar" shared="false" uninstallMode="0"/>
<entry name="wsi-test-tools\lib\org.wsi.test.validator.bsp10.jar" shared="false" uninstallMode="0"/>
<entry name="bin\reports\subreports\common\RequirementLinkedTestCasesReport-config.xml" shared="false" uninstallMode="0"/>
<entry name="bin\loadtestrunner.bat" shared="false" uninstallMode="0"/>
<entry name="wsi-test-tools\monitor.sh" shared="false" uninstallMode="0"/>
<entry name="lib\commons-collections-3.2.2.jar" shared="false" uninstallMode="0"/>
<entry name="licences\hermesJMS-LICENCE.TXT" shared="false" uninstallMode="0"/>
<entry name="lib\analytics-core-2.3.8.jar" shared="false" uninstallMode="0"/>
<entry name="jre\bin\jdwp.dll" shared="false" uninstallMode="3"/>
<entry name="lib\aws-java-sdk-ec2-1.11.136.jar" shared="false" uninstallMode="0"/>
<entry name="lib\jide-charts-3.6.6.jar" shared="false" uninstallMode="0"/>
<entry name="lib\swagger-parser-v2-converter-2.0.0-rc1.jar" shared="false" uninstallMode="0"/>
<entry name="jre\bin\ssvagent.exe" shared="false" uninstallMode="3"/>
<entry name="lib\olap4j-1.2.0.jar" shared="false" uninstallMode="0"/>
<entry name="lib\tools.jar" shared="false" uninstallMode="0"/>
<entry name="jre\bin\glib-lite.dll" shared="false" uninstallMode="3"/>
<entry name="jre\bin\java_crw_demo.dll" shared="false" uninstallMode="3"/>
<entry name="jre\bin\client\classes.jsa" shared="false" uninstallMode="0"/>
<entry name="jre\lib\ext\nashorn.jar" shared="false" uninstallMode="3"/>
<entry name="bin\scripts\soapui\demo\DemoListener.groovy" shared="false" uninstallMode="0"/>
<entry name="wsi-test-tools\log-sample.xml" shared="false" uninstallMode="0"/>
<entry name="lib\mail-1.4.jar" shared="false" uninstallMode="0"/>
<entry name="lib\javax.inject-2.5.0-b05.jar" shared="false" uninstallMode="0"/>
<entry name="jre\lib\cmm\PYCC.pf" shared="false" uninstallMode="3"/>
<entry name="lib\commons-csv-1.1.jar" shared="false" uninstallMode="0"/>
<entry name="bin\reports\subreports\loaduitest\LoadUITestStepsHistoryReport.jrxml" shared="false" uninstallMode="0"/>
<entry name="bin\virtserver-cli.bat" shared="false" uninstallMode="0"/>
<entry name="lib\ready-api-service-v-2.2.0.jar" shared="false" uninstallMode="0"/>
<entry name="lib\poi-ooxml-schemas-3.12.jar" shared="false" uninstallMode="0"/>
<entry name="licences\opencsv-LICENSE.txt" shared="false" uninstallMode="0"/>
<entry name="lib\flex-messaging-core-1.0.jar" shared="false" uninstallMode="0"/>
<entry name="bin\reports\subreports\loaduitest\LoadUIStatisticHistoryReport.jrxml" shared="false" uninstallMode="0"/>
<entry name="lib\snakeyaml-1.16.jar" shared="false" uninstallMode="0"/>
<entry name="jre\bin\jli.dll" shared="false" uninstallMode="3"/>
<entry name="bin\securitytestrunner.bat" shared="false" uninstallMode="0"/>
<entry name="jre\lib\deploy.jar" shared="false" uninstallMode="3"/>
<entry name="C:\Users\Public\Desktop\ReadyAPI 2.2.0.lnk" shared="false" uninstallMode="2"/>
<entry name="lib\jcommon-1.0.23.jar" shared="false" uninstallMode="0"/>
<entry name="jre\bin\klist.exe" shared="false" uninstallMode="3"/>
<entry name="lib\poi-3.12.jar" shared="false" uninstallMode="0"/>
<entry name="lib\guice-assistedinject-4.1.0.jar" shared="false" uninstallMode="0"/>
<entry name="tempHermes\script.xml" shared="false" uninstallMode="0"/>
<entry name="lib\swagger-jaxrs-1.5.12.jar" shared="false" uninstallMode="0"/>
<entry name="lib\loadui-soapui-runner-2.2.0.jar" shared="false" uninstallMode="0"/>
<entry name="jre\lib\security\blacklist" shared="false" uninstallMode="3"/>
<entry name="jre\bin\mlib_image.dll" shared="false" uninstallMode="3"/>
<entry name="jre\bin\msvcp120.dll" shared="false" uninstallMode="3"/>
<entry name="bin\reports\subreports\loaduitest\LoadUILoadTargetsReport-config.xml" shared="false" uninstallMode="0"/>
<entry name="bin\soapui-log4j.xml" shared="false" uninstallMode="0"/>
<entry name="bin\reports\subreports\project\ProjectTestSuiteResultsReport.jrxml" shared="false" uninstallMode="0"/>
<entry name="bin\reports\subreports\loaduitest\LoadUIExecutionNotablesReport-config.xml" shared="false" uninstallMode="0"/>
<entry name="lib\jackson-coreutils-1.8.jar" shared="false" uninstallMode="0"/>
<entry name="lib\jackson-annotations-2.8.5.jar" shared="false" uninstallMode="0"/>
<entry name="lib\loadui-pro-socket-client-2.2.0.jar" shared="false" uninstallMode="0"/>
<entry name=".install4j\i4jparams.conf" shared="false" uninstallMode="2"/>
<entry name="bin\reports\subreports\loaduitest\LoadUIScenarioResultsReport.jrxml" shared="false" uninstallMode="0"/>
<entry name="bin\reports\subreports\common\TestSuiteCoverageChart.jrxml" shared="false" uninstallMode="0"/>
<entry name="lib\jna-4.1.0.jar" shared="false" uninstallMode="0"/>
<entry name="jre\bin\rmiregistry.exe" shared="false" uninstallMode="3"/>
<entry name="licences\blazeds-LICENSE.txt" shared="false" uninstallMode="0"/>
<entry name="lib\httpcore-4.4.3.jar" shared="false" uninstallMode="0"/>
<entry name="bin\reports\subreports\common\TestCaseCoverageChart-config.xml" shared="false" uninstallMode="0"/>
<entry name="wsi-test-tools\bsplog.xml" shared="false" uninstallMode="0"/>
<entry name="bin\reports\subreports\common\TestStepParametersReport-config.xml" shared="false" uninstallMode="0"/>
<entry name="tempHermes\hermesInstall.bat" shared="false" uninstallMode="0"/>
<entry name="jre\lib\cmm\LINEAR_RGB.pf" shared="false" uninstallMode="3"/>
<entry name="lib\loadui-utils-2.2.0.jar" shared="false" uninstallMode="0"/>
<entry name="jre\bin\ktab.exe" shared="false" uninstallMode="3"/>
<entry name="jre\lib\ext\sunpkcs11.jar" shared="false" uninstallMode="3"/>
<entry name="jre\bin\j2pcsc.dll" shared="false" uninstallMode="3"/>
<entry name="jre\LICENSE" shared="false" uninstallMode="3"/>
<entry name="lib\commons-httpclient-3.1.jar" shared="false" uninstallMode="0"/>
<entry name="jre\lib\fonts\LucidaTypewriterBold.ttf" shared="false" uninstallMode="3"/>
<entry name="bin\reports\subreports\loaduiteststatistics\LoadUIStatisticsContainerReport-config.xml" shared="false" uninstallMode="0"/>
<entry name=".install4j\user.jar" shared="false" uninstallMode="2"/>
<entry name="jre\lib\charsets.jar" shared="false" uninstallMode="3"/>
<entry name="tempHermes\hermesInstall.sh" shared="false" uninstallMode="0"/>
<entry name="lib\jakarta-regexp-1.4.jar" shared="false" uninstallMode="0"/>
<entry name="jre\lib\accessibility.properties" shared="false" uninstallMode="3"/>
<entry name="bin\reports\subreports\common\ChartsReport-config.xml" shared="false" uninstallMode="0"/>
<entry name="lib\xstream-1.3.1.jar" shared="false" uninstallMode="0"/>
<entry name="lib\javax.inject-1.jar" shared="false" uninstallMode="0"/>
<entry name="jre\bin\nio.dll" shared="false" uninstallMode="3"/>
<entry name="jre\bin\eula.dll" shared="false" uninstallMode="3"/>
<entry name=".install4j\i4j_extf_6_4cr4b7_8xbk1e.ico" shared="false" uninstallMode="2"/>
<entry name="bin\reports\subreports\common\PropertiesReport.jrxml" shared="false" uninstallMode="0"/>
<entry name="lib\jersey-server-2.1.jar" shared="false" uninstallMode="0"/>
<entry name="lib\swagger-inflector-1.0.14.jar" shared="false" uninstallMode="0"/>
<entry name="bin\reports\subreports\common\TestCaseResultsReport-config.xml" shared="false" uninstallMode="0"/>
<entry name="jre\bin\sunec.dll" shared="false" uninstallMode="3"/>
<entry name="bin\ext\readme.txt" shared="false" uninstallMode="0"/>
<entry name="lib\swagger-parser-core-2.0.0-rc1.jar" shared="false" uninstallMode="0"/>
<entry name="lib\spring-core-4.1.6.RELEASE.jar" shared="false" uninstallMode="0"/>
<entry name="tempHermes\xml-apis.jar" shared="false" uninstallMode="0"/>
<entry name="bin\reports\subreports\loaduitest\LoadUIScenariosSummaryReport-config.xml" shared="false" uninstallMode="0"/>
<entry name="jre\lib\javafx.properties" shared="false" uninstallMode="3"/>
<entry name="lib\jersey-guava-2.24.jar" shared="false" uninstallMode="0"/>
<entry name="lib\xbean_xpath-2.4.0.jar" shared="false" uninstallMode="0"/>
<entry name="bin\reports\subreports\loaduitest\LoadUIPropReport-config.xml" shared="false" uninstallMode="0"/>
<entry name="lib\jackson-datatype-joda-2.8.5.jar" shared="false" uninstallMode="0"/>
<entry name="lib\jaxen-1.1-beta-8.jar" shared="false" uninstallMode="0"/>
<entry name="jre\lib\amd64\client\classes.jsa" shared="false" uninstallMode="0"/>
<entry name="lib\commons-lang-2.6.jar" shared="false" uninstallMode="0"/>
<entry name="lib\maven-plugin-api-2.0.jar" shared="false" uninstallMode="0"/>
<entry name="lib\guice-4.1.0.jar" shared="false" uninstallMode="0"/>
<entry name=".install4j\MessagesDefault" shared="false" uninstallMode="2"/>
<entry name="wsi-test-tools\xsl\logBigFont.xsl" shared="false" uninstallMode="0"/>
<entry name="bin\reports\subreports\security\SecurityScanReport.jrxml" shared="false" uninstallMode="0"/>
<entry name="jre\THIRDPARTYLICENSEREADME.txt" shared="false" uninstallMode="3"/>
<entry name="jre\lib\deploy\messages_pt_BR.properties" shared="false" uninstallMode="3"/>
<entry name="bin\reports\subreports\loaduitest\LoadUILoadTargetsReport.jrxml" shared="false" uninstallMode="0"/>
<entry name="lib\groovy-all-2.4.4.jar" shared="false" uninstallMode="0"/>
<entry name="lib\aws-java-sdk-core-1.11.136.jar" shared="false" uninstallMode="0"/>
<entry name="lib\languagesupport-r795.jar" shared="false" uninstallMode="0"/>
<entry name="jre\lib\fonts\LucidaSansRegular.ttf" shared="false" uninstallMode="3"/>
<entry name="wsi-test-tools\xsl\assertionsBigFont.xsl" shared="false" uninstallMode="0"/>
<entry name="tutorials\APIs\Google-Maps-project.xml" shared="false" uninstallMode="0"/>
<entry name="lib\ready-api-soapui-pro-2.2.0.jar" shared="false" uninstallMode="0"/>
<entry name="jre\lib\content-types.properties" shared="false" uninstallMode="3"/>
<entry name="bin\reports\subreports\loaduiteststatistics\LoadUIStatisticTable7Report-config.xml" shared="false" uninstallMode="0"/>
<entry name="jre\lib\management\jmxremote.access" shared="false" uninstallMode="3"/>
<entry name="bin\updateinstallation.bat" shared="false" uninstallMode="0"/>
<entry name="lib\xmlbeans-2.4.0.jar" shared="false" uninstallMode="0"/>
<entry name="lib\jfreechart-1.0.19.jar" shared="false" uninstallMode="0"/>
<entry name="lib\swagger-jersey2-jaxrs-1.5.12.jar" shared="false" uninstallMode="0"/>
<entry name="lib\proxy-vole-20131209.jar" shared="false" uninstallMode="0"/>
<entry name="lib\ready-api-security-2.2.0.jar" shared="false" uninstallMode="0"/>
<entry name="jre\lib\psfontj2d.properties" shared="false" uninstallMode="3"/>
<entry name="lib\jhall-protection.jar" shared="false" uninstallMode="0"/>
<entry name="jre\lib\security\cacerts" shared="false" uninstallMode="3"/>
<entry name="jre\bin\pack200.exe" shared="false" uninstallMode="3"/>
<entry name="licences\miglayout-LICENSE.txt" shared="false" uninstallMode="0"/>
<entry name="tutorials\security\Security-SQL-Injection.xml" shared="false" uninstallMode="0"/>
<entry name=".install4j\launchers.xml" shared="false" uninstallMode="2"/>
<entry name="lib\xercesImpl-2.9.1.jar" shared="false" uninstallMode="0"/>
<entry name="jre\bin\lcms.dll" shared="false" uninstallMode="3"/>
<entry name="bin\reports\subreports\testsuite\TestSuiteCoverageChart.jrxml" shared="false" uninstallMode="0"/>
<entry name="lib\xmlParserAPIs-2.6.2.jar" shared="false" uninstallMode="0"/>
<entry name="lib\junit-4.11.jar" shared="false" uninstallMode="0"/>
<entry name="jre\lib\security\trusted.libraries" shared="false" uninstallMode="3"/>
<entry name="lib\jackson-mapper-asl-1.9.13.jar" shared="false" uninstallMode="0"/>
<entry name="lib\ready-api-dashboard-tiles-2.2.0.jar" shared="false" uninstallMode="0"/>
<entry name="wsi-test-tools\xsl\common.xsl" shared="false" uninstallMode="0"/>
<entry name="bin\reports\subreports\common\CoverageReport-config.xml" shared="false" uninstallMode="0"/>
<entry name="licences\not-yet-commons-ssl-LICENSE.txt" shared="false" uninstallMode="0"/>
<entry name="bin\reports\subreports\common\TestCaseResultsOverviewReport-config.xml" shared="false" uninstallMode="0"/>
<entry name="lib\uri-template-0.9.jar" shared="false" uninstallMode="0"/>
<entry name="licences\jtidy-LICENSE.txt" shared="false" uninstallMode="0"/>
<entry name="lib\loadui-api-2.2.0.jar" shared="false" uninstallMode="0"/>
<entry name="lib\jackson-dataformat-cbor-2.6.6.jar" shared="false" uninstallMode="0"/>
<entry name="jre\bin\JAWTAccessBridge-64.dll" shared="false" uninstallMode="3"/>
<entry name="bin\reports\subreports\testsuite\TestSuiteCoverageChart-config.xml" shared="false" uninstallMode="0"/>
<entry name="bin\reports\subreports\loaduitest\LoadUITestCasesTestStepsReport-config.xml" shared="false" uninstallMode="0"/>
<entry name="lib\loadui-ui-2.2.0.jar" shared="false" uninstallMode="0"/>
<entry name="lib\swagger-parser-v3-2.0.0-rc1.jar" shared="false" uninstallMode="0"/>
<entry name="lib\commons-validator-1.3.1.jar" shared="false" uninstallMode="0"/>
<entry name="lib\asm-5.0.4.jar" shared="false" uninstallMode="0"/>
<entry name="wsi-test-tools\README_bsp.txt" shared="false" uninstallMode="0"/>
<entry name="jre\lib\management\snmp.acl.template" shared="false" uninstallMode="3"/>
<entry name="licences\commons-cli-LICENSE.txt" shared="false" uninstallMode="0"/>
<entry name="bin\reports\reports\loaduiteststatistics\LoadUITestStatisticsReport.jrxml" shared="false" uninstallMode="0"/>
<entry name="lib\javax.annotation-api-1.2.jar" shared="false" uninstallMode="0"/>
<entry name=".install4j\installer.ico" shared="false" uninstallMode="2"/>
<entry name="lib\json-20090211.jar" shared="false" uninstallMode="0"/>
<entry name="lib\aopalliance-repackaged-2.5.0-b05.jar" shared="false" uninstallMode="0"/>
<entry name="lib\vt-crypt-2.1.4.jar" shared="false" uninstallMode="0"/>
<entry name="lib\lucene-queryparser-4.5.1.jar" shared="false" uninstallMode="0"/>
<entry name="lib\jaxrpc-protection.jar" shared="false" uninstallMode="0"/>
<entry name="lib\org.apache.oltu.oauth2.authzserver-1.0.0.jar" shared="false" uninstallMode="0"/>
<entry name="jre\lib\jfr\default.jfc" shared="false" uninstallMode="3"/>
<entry name="lib\httpcore-nio-4.4.3.jar" shared="false" uninstallMode="0"/>
<entry name="bin\reports\subreports\common\TestSuiteCoverageChart-config.xml" shared="false" uninstallMode="0"/>
<entry name="bin\ready-api-splash.png" shared="false" uninstallMode="0"/>
<entry name="lib\ProtectionPriv-4.6.jar" shared="false" uninstallMode="0"/>
<entry name="jre\lib\deploy\messages_es.properties" shared="false" uninstallMode="3"/>
<entry name="lib\servlet-api-2.5-20081211.jar" shared="false" uninstallMode="0"/>
<entry name="tempHermes\hermes-installer-1.14.jar" shared="false" uninstallMode="0"/>
<entry name="jre\bin\WindowsAccessBridge-64.dll" shared="false" uninstallMode="3"/>
<entry name="jre\bin\javafx_font.dll" shared="false" uninstallMode="3"/>
<entry name="C:\Users\drapolu\.soapui\plugins\ready-uxm-plugin-1.0.2.jar" shared="false" uninstallMode="1"/>
<entry name="lib\bcmail-jdk15-1.46.jar" shared="false" uninstallMode="0"/>
<entry name="jre\lib\cmm\GRAY.pf" shared="false" uninstallMode="3"/>
<entry name="bin\reports\subreports\common\TestStepParametersReport.jrxml" shared="false" uninstallMode="0"/>
<entry name="lib\rsyntaxtextarea-2.5.3.jar" shared="false" uninstallMode="0"/>
<entry name="lib\slf4j-ext-1.7.21.jar" shared="false" uninstallMode="0"/>
<entry name="jre\lib\psfont.properties.ja" shared="false" uninstallMode="3"/>
<entry name="jre\lib\ext\dnsns.jar" shared="false" uninstallMode="3"/>
<entry name="lib\lucene-sandbox-4.5.1.jar" shared="false" uninstallMode="0"/>
<entry name="lib\cssparser-0.9.5.jar" shared="false" uninstallMode="0"/>
<entry name="bin\reports\subreports\common\LoadUIGraphicalSummary-config.xml" shared="false" uninstallMode="0"/>
<entry name="licences\wss4j-LICENSE.txt" shared="false" uninstallMode="0"/>
<entry name="lib\governator-1.15.9.jar" shared="false" uninstallMode="0"/>
<entry name="lib\httpasyncclient-4.1.jar" shared="false" uninstallMode="0"/>
<entry name=".install4j\i4jdel.exe" shared="false" uninstallMode="0"/>
<entry name="SmartBear License Terms of Use.txt" shared="false" uninstallMode="0"/>
<entry name="lib\flex-messaging-common-1.0.jar" shared="false" uninstallMode="0"/>
<entry name="jre\lib\deploy\messages_zh_CN.properties" shared="false" uninstallMode="3"/>
<entry name="licences\xmlbeans-NOTICE.txt" shared="false" uninstallMode="0"/>
<entry name="lib\saxon-dom-9.1.0.8j.jar" shared="false" uninstallMode="0"/>
<entry name="lib\poi-ooxml-3.12.jar" shared="false" uninstallMode="0"/>
<entry name="jre\Welcome.html" shared="false" uninstallMode="3"/>
<entry name="lib\hamcrest-core-1.3.jar" shared="false" uninstallMode="0"/>
<entry name="tutorials\Sample-SOAP-project.xml" shared="false" uninstallMode="0"/>
<entry name="jre\lib\jce.jar" shared="false" uninstallMode="3"/>
<entry name="tutorials\WSDL-WADL\WADL-service.wadl" shared="false" uninstallMode="0"/>
</createdFiles>
<createdDirs>
<entry name="C:\ProgramData\Microsoft\Windows\Start Menu\Programs\SmartBear\ReadyAPI 2.2.0" shared="false" uninstallMode="0"/>
<entry name="wsi-test-tools\xsl" shared="false" uninstallMode="0"/>
<entry name="wsi-test-tools\profiles" shared="false" uninstallMode="0"/>
<entry name="wsi-test-tools\lib" shared="false" uninstallMode="0"/>
<entry name="wsi-test-tools" shared="false" uninstallMode="0"/>
<entry name="tutorials\WSDL-WADL" shared="false" uninstallMode="0"/>
<entry name="tutorials\ServiceV" shared="false" uninstallMode="0"/>
<entry name="tutorials\security" shared="false" uninstallMode="0"/>
<entry name="tutorials\load" shared="false" uninstallMode="0"/>
<entry name="tutorials\APIs" shared="false" uninstallMode="0"/>
<entry name="tutorials" shared="false" uninstallMode="0"/>
<entry name="tools" shared="false" uninstallMode="0"/>
<entry name="tempHermes" shared="false" uninstallMode="0"/>
<entry name="licences" shared="false" uninstallMode="0"/>
<entry name="lib" shared="false" uninstallMode="0"/>
<entry name="jre\lib\security" shared="false" uninstallMode="3"/>
<entry name="jre\lib\management" shared="false" uninstallMode="3"/>
<entry name="jre\lib\jfr" shared="false" uninstallMode="3"/>
<entry name="jre\lib\images\cursors" shared="false" uninstallMode="3"/>
<entry name="jre\lib\images" shared="false" uninstallMode="3"/>
<entry name="jre\lib\fonts" shared="false" uninstallMode="3"/>
<entry name="jre\lib\ext" shared="false" uninstallMode="3"/>
<entry name="jre\lib\deploy" shared="false" uninstallMode="3"/>
<entry name="jre\lib\cmm" shared="false" uninstallMode="3"/>
<entry name="jre\lib\applet" shared="false" uninstallMode="3"/>
<entry name="jre\lib\amd64" shared="false" uninstallMode="3"/>
<entry name="jre\lib" shared="false" uninstallMode="3"/>
<entry name="jre\bin\server" shared="false" uninstallMode="3"/>
<entry name="jre\bin" shared="false" uninstallMode="3"/>
<entry name="jre" shared="false" uninstallMode="3"/>
<entry name="bin\scripts\soapui\utils" shared="false" uninstallMode="0"/>
<entry name="bin\scripts\soapui\demo" shared="false" uninstallMode="0"/>
<entry name="bin\scripts\soapui" shared="false" uninstallMode="0"/>
<entry name="bin\scripts" shared="false" uninstallMode="0"/>
<entry name="bin\reports\templates" shared="false" uninstallMode="0"/>
<entry name="bin\reports\subreports\testsuite" shared="false" uninstallMode="0"/>
<entry name="bin\reports\subreports\testcase" shared="false" uninstallMode="0"/>
<entry name="bin\reports\subreports\security" shared="false" uninstallMode="0"/>
<entry name="bin\reports\subreports\project" shared="false" uninstallMode="0"/>
<entry name="bin\reports\subreports\loaduiteststatistics" shared="false" uninstallMode="0"/>
<entry name="bin\reports\subreports\loaduitest" shared="false" uninstallMode="0"/>
<entry name="bin\reports\subreports\loaduicompareruns" shared="false" uninstallMode="0"/>
<entry name="bin\reports\subreports\loadui" shared="false" uninstallMode="0"/>
<entry name="bin\reports\subreports\common" shared="false" uninstallMode="0"/>
<entry name="bin\reports\subreports" shared="false" uninstallMode="0"/>
<entry name="bin\reports\reports\testsuite" shared="false" uninstallMode="0"/>
<entry name="bin\reports\reports\testcase" shared="false" uninstallMode="0"/>
<entry name="bin\reports\reports\security" shared="false" uninstallMode="0"/>
<entry name="bin\reports\reports\project" shared="false" uninstallMode="0"/>
<entry name="bin\reports\reports\monitor" shared="false" uninstallMode="0"/>
<entry name="bin\reports\reports\mockservice" shared="false" uninstallMode="0"/>
<entry name="bin\reports\reports\loaduiteststatistics" shared="false" uninstallMode="0"/>
<entry name="bin\reports\reports\loaduitest" shared="false" uninstallMode="0"/>
<entry name="bin\reports\reports\loaduicompareruns" shared="false" uninstallMode="0"/>
<entry name="bin\reports\reports\interface" shared="false" uninstallMode="0"/>
<entry name="bin\reports\reports" shared="false" uninstallMode="0"/>
<entry name="bin\reports\logos" shared="false" uninstallMode="0"/>
<entry name="bin\reports" shared="false" uninstallMode="0"/>
<entry name="bin\listeners" shared="false" uninstallMode="0"/>
<entry name="bin\ext" shared="false" uninstallMode="0"/>
<entry name="bin\actions" shared="false" uninstallMode="0"/>
<entry name="bin" shared="false" uninstallMode="0"/>
<entry name=".install4j\user" shared="false" uninstallMode="0"/>
<entry name=".install4j" shared="false" uninstallMode="0"/>
<entry name="." shared="false" uninstallMode="0"/>
</createdDirs>
</fileLog>
