[INFO] logger started at Wed Nov 01 08:15:13 IST 2017
[INFO] executable name: C:\Program Files\SmartBear\ReadyAPI-2.1.0\uninstall.exe
[INFO] install4j version: 6.1.5 (build 6349)
[INFO] Properties: 
-- listing properties --
java.runtime.name=Java(TM) SE Runtime Environment
exe4j.moduleName=C:\Program Files\SmartBear\ReadyAPI-2...
sun.boot.library.path=c:\program files\smartbear\readyapi-2...
exe4j.semaphoreName=Local\c:_program_files_smartbear_read...
java.vm.version=25.131-b11
java.vm.vendor=Oracle Corporation
java.vendor.url=http://java.oracle.com/
path.separator=;
exe4j.consoleCodepage=cp0
java.vm.name=Java HotSpot(TM) 64-Bit Server VM
file.encoding.pkg=sun.io
user.script=
user.country=US
sun.os.patch.level=
install4j.exeDir=C:\Program Files\SmartBear\ReadyAPI-2...
java.vm.specification.name=Java Virtual Machine Specification
user.dir=C:\Program Files\SmartBear
java.runtime.version=1.8.0_131-b11
java.awt.graphicsenv=sun.awt.Win32GraphicsEnvironment
java.endorsed.dirs=c:\program files\smartbear\readyapi-2...
os.arch=amd64
java.io.tmpdir=C:\Users\drapolu\AppData\Local\Temp\
line.separator=

java.vm.specification.vendor=Oracle Corporation
user.variant=
exe4j.tempDir=
os.name=Windows 10
sun.jnu.encoding=Cp1252
java.library.path=C:\Program Files\SmartBear\ReadyAPI-2...
java.specification.name=Java Platform API Specification
java.class.version=52.0
sun.management.compiler=HotSpot 64-Bit Tiered Compilers
exe4j.isInstall4j=true
os.version=10.0
user.home=C:\Users\drapolu
user.timezone=Asia/Calcutta
java.awt.printerjob=sun.awt.windows.WPrinterJob
java.specification.version=1.8
file.encoding=Cp1252
user.name=drapolu
java.class.path=C:\Program Files\SmartBear\ReadyAPI-2...
install4j.dontUninstallServices=false
windel.logfile=C:\Users\drapolu\AppData\Local\Temp\e...
java.vm.specification.version=1.8
sun.arch.data.model=64
java.home=c:\program files\smartbear\readyapi-2...
sun.java.command=C:\Program Files\SmartBear\ReadyAPI-2...
install4j.upgradeUninstall=true
exe4j.launchName=C:\PROGRA~1\SMARTB~1\READYA~3.0\UNINS...
java.specification.vendor=Oracle Corporation
user.language=en
awt.toolkit=sun.awt.windows.WToolkit
java.vm.info=mixed mode
exe4j.unextractedPosition=0
java.version=1.8.0_131
java.ext.dirs=c:\program files\smartbear\readyapi-2...
sun.boot.class.path=c:\program files\smartbear\readyapi-2...
java.vendor=Oracle Corporation
install4j.appDir=C:\Program Files\SmartBear\ReadyAPI-2...
file.separator=\
java.vendor.url.bug=http://bugreport.sun.com/bugreport/
sun.cpu.endian=little
sun.io.unicode.encoding=UnicodeLittle
install4j.alternativeLogfile=C:\Users\drapolu\AppData\Local\Temp\i...
sun.desktop=windows
sun.cpu.isalist=amd64
[INFO] com.install4j.runtime.beans.actions.misc.LoadResponseFileAction [ID 18]: Execute action
       Property file: null
       Property registerForResponseFile: true
       Property overwriteStrategy: Do not overwrite command line
       Property excludedVariables: null
       Property rollbackSupported: true
       Variable changed: sys.component.1154=true[class java.lang.Boolean]
       Variable changed: sys.component.132=true[class java.lang.Boolean]
       Variable changed: sys.adminRights=true[class java.lang.Boolean]
       Variable changed: sys.languageId=en[class java.lang.String]
       Variable changed: installTestServer=true[class java.lang.Boolean]
       Variable changed: executeLauncherAction=true[class java.lang.Boolean]
       Variable changed: sys.installationDir=C:\Program Files\SmartBear\ReadyAPI-2.1.0[class java.lang.String]
       Variable changed: sys.component.1150=true[class java.lang.Boolean]
       Variable changed: sys.installationTypeId=6710[class java.lang.String]
       Variable changed: sys.component.1429=true[class java.lang.Boolean]
       Execute action successful after 44 ms
[INFO] com.install4j.runtime.beans.actions.misc.RequireInstallerPrivilegesAction [ID 3841]: Execute action
       Property failIfNotObtained: true
       Property rollbackSupported: false
       Using communication backend com.install4j.runtime.installer.platform.win32.Win32CommunicationBackend
       Variable changed: sys.adminRights=true[class java.lang.Boolean]
       Execute action successful after 2207 ms
[INFO] com.install4j.runtime.beans.screens.StartupScreen [ID 12]: command: move 1 screens, executing actions, checking condition
[INFO] com.install4j.runtime.beans.screens.UninstallWelcomeScreen [ID 13]: Show screen
[INFO] com.install4j.runtime.beans.screens.UninstallWelcomeScreen [ID 13]: command: move 1 screens, executing actions, checking condition
[INFO] com.install4j.runtime.beans.screens.UninstallationScreen [ID 14]: Show screen
[INFO] com.install4j.runtime.beans.actions.control.SetVariableAction [ID 2381]: Execute action
       Property script: com.install4j.script.I4jScript_Internal_214
       Property variableName: FILE_SEPARATOR
       Property responseFileVariable: false
       Property onlyIfUndefined: false
       Property rollbackSupported: false
       Property failIfNull: false
       Variable changed: FILE_SEPARATOR=\[class java.lang.String]
       Execute action successful after 24 ms
[INFO] com.install4j.runtime.beans.actions.control.SetVariableAction [ID 5132]: Execute action
       Property script: com.install4j.script.I4jScript_Internal_215
       Property variableName: EXTENSION
       Property responseFileVariable: false
       Property onlyIfUndefined: false
       Property rollbackSupported: false
       Property failIfNull: false
       Variable changed: EXTENSION=bat[class java.lang.String]
       Execute action successful after 4 ms
[INFO] com.install4j.runtime.beans.actions.control.SetVariableAction [ID 5167]: Execute action
       Property script: com.install4j.script.I4jScript_Internal_216
       Property variableName: rootInstallDirPI
       Property responseFileVariable: false
       Property onlyIfUndefined: false
       Property rollbackSupported: false
       Property failIfNull: false
       Variable changed: rootInstallDirPI=C:\Program Files\SmartBear\ReadyAPI-2.1.0[class java.lang.String]
       Execute action successful after 8 ms
[INFO] com.install4j.runtime.beans.actions.misc.RunExecutableAction [ID 5055]: Execute action
       Property arguments: [logging of arguments is disabled]
       Property stderrRedirectionMode: No redirection
       Property stdinRedirectionMode: No redirection
       Property stdoutRedirectionMode: No redirection
       Property stderrVariableName: 
       Property stdoutVariableName: 
       Property workingDirectory: C:\Program Files\SmartBear\ReadyAPI-2.1.0\bin
       Property failOnStderrFileError: false
       Property failOnStdinFileError: false
       Property failOnStdoutFileError: false
       Property returnCodeVariable: 
       Property keepConsoleWindow: true
       Property showWindowsConsole: false
       Property environmentVariables: {}
       Property rollbackExecutable: null
       Property rollbackWorkingDirectory: null
       Property rollbackArguments: null
       Property useRollbackExecutable: false
       Property rollbackSupported: false
       Property stderrFile: null
       Property stdinFile: null
       Property logArguments: false
       Property wait: false
       Property stdoutFile: null
       Property executable: C:\Program Files\SmartBear\ReadyAPI-2.1.0\bin\uninstallactiontrack.bat
       Property waitForStreams: true
       Property timeout: 0
       Property stdinString: 
       Property includeParentEnvironmentVariables: true
       used working dir: C:\Program Files\SmartBear\ReadyAPI-2.1.0\bin
       execute using batch file
       Execute action successful after 723 ms
[INFO] com.install4j.runtime.beans.actions.files.DeleteFileAction [ID 2356]: Execute action
       Property backupForRollback: false
       Property rollbackSupported: false
       Property recursive: true
       Property showProgress: false
       Property showFileNames: true
       Property directoryFilter: null
       Property fileFilter: null
       Property files: [C:\Program Files\SmartBear\ReadyAPI-2.1.0\hermesJMS]
       Property filesRoot: null
       Execute action successful after 432 ms
[INFO] com.install4j.runtime.beans.actions.UninstallFilesAction [ID 15]: Execute action
       executing auto uninstall
       postponing deletion of C:\Program Files\SmartBear\ReadyAPI-2.1.0\.install4j\i4jruntime.jar
       Execute action successful after 3011 ms
[INFO] com.install4j.runtime.beans.screens.UninstallationScreen [ID 14]: command: move 1 screens, executing actions, checking condition
[INFO] com.install4j.runtime.beans.screens.UninstallSuccessScreen [ID 16]: Show screen
[INFO] com.install4j.runtime.beans.screens.UninstallSuccessScreen [ID 16]: command: finish
       cleaning up
       Finished
